2023-06-27 20:11:25,073 [main] INFO  listners.ExtentTestNGITestListener - Test case started: LoginXGL
2023-06-27 20:11:25,077 [main] ERROR LearnMaven - This is an error message specifically logged to the error log file
2023-06-27 20:11:25,077 [main] INFO  base.BaseClass - Test XGLT_15177
2023-06-27 20:11:25,081 [main] INFO  XGLT_15177 - Setting up browser
2023-06-27 20:11:25,461 [main] INFO  io.github.bonigarcia.wdm.WebDriverManager - Using chromedriver 114.0.5735.90 (resolved driver for Chrome 114)
2023-06-27 20:11:25,504 [main] INFO  io.github.bonigarcia.wdm.WebDriverManager - Exporting webdriver.chrome.driver as C:\Users\dP-PL\.cache\selenium\chromedriver\win32\114.0.5735.90\chromedriver.exe
2023-06-27 20:12:40,496 [main] INFO  listners.ExtentTestNGITestListener - Test case started: About
2023-06-27 20:12:40,499 [main] ERROR listners.ExtentTestNGITestListener - Test case skipped: About
2023-06-27 20:12:40,507 [main] INFO  listners.ExtentTestNGITestListener - Test case started: Import_Schedules
2023-06-27 20:14:00,847 [main] ERROR org.testng.reporters.jq.Main - C:\Users\dP-PL\LearnMaven\LearnMaven\target\surefire-reports\jquery-3.6.0.min.js
java.nio.file.FileAlreadyExistsException: C:\Users\dP-PL\LearnMaven\LearnMaven\target\surefire-reports\jquery-3.6.0.min.js
	at sun.nio.fs.WindowsException.translateToIOException(WindowsException.java:87) ~[?:?]
	at sun.nio.fs.WindowsException.rethrowAsIOException(WindowsException.java:103) ~[?:?]
	at sun.nio.fs.WindowsException.rethrowAsIOException(WindowsException.java:108) ~[?:?]
	at sun.nio.fs.WindowsFileSystemProvider.newByteChannel(WindowsFileSystemProvider.java:236) ~[?:?]
	at java.nio.file.spi.FileSystemProvider.newOutputStream(FileSystemProvider.java:484) ~[?:?]
	at java.nio.file.Files.newOutputStream(Files.java:228) ~[?:?]
	at java.nio.file.Files.copy(Files.java:3159) ~[?:?]
	at org.testng.reporters.jq.Main.generateReport(Main.java:95) [testng-7.6.1.jar:7.6.1]
	at org.testng.TestNG.generateReports(TestNG.java:1134) [testng-7.6.1.jar:7.6.1]
	at org.testng.TestNG.run(TestNG.java:1072) [testng-7.6.1.jar:7.6.1]
	at org.apache.maven.surefire.testng.TestNGExecutor.run(TestNGExecutor.java:324) [surefire-testng-3.0.0-M7.jar:3.0.0-M7]
	at org.apache.maven.surefire.testng.TestNGXmlTestSuite.execute(TestNGXmlTestSuite.java:74) [surefire-testng-3.0.0-M7.jar:3.0.0-M7]
	at org.apache.maven.surefire.testng.TestNGProvider.invoke(TestNGProvider.java:123) [surefire-testng-3.0.0-M7.jar:3.0.0-M7]
	at org.apache.maven.surefire.booter.ForkedBooter.runSuitesInProcess(ForkedBooter.java:456) [surefire-booter-3.0.0-M7.jar:3.0.0-M7]
	at org.apache.maven.surefire.booter.ForkedBooter.execute(ForkedBooter.java:169) [surefire-booter-3.0.0-M7.jar:3.0.0-M7]
	at org.apache.maven.surefire.booter.ForkedBooter.run(ForkedBooter.java:595) [surefire-booter-3.0.0-M7.jar:3.0.0-M7]
	at org.apache.maven.surefire.booter.ForkedBooter.main(ForkedBooter.java:581) [surefire-booter-3.0.0-M7.jar:3.0.0-M7]
